Determining if the pthread_create exist failed with the following output:
Change Dir: /home/apoorv/catkin_ws/src/fall_risk_assessment/human_motion_analysis/csv_logger/build/CMakeFiles/CMakeTmp

Run Build Command:/usr/bin/make "cmTryCompileExec1777626848/fast"
/usr/bin/make -f CMakeFiles/cmTryCompileExec1777626848.dir/build.make CMakeFiles/cmTryCompileExec1777626848.dir/build
make[1]: Entering directory `/home/apoorv/catkin_ws/src/fall_risk_assessment/human_motion_analysis/csv_logger/build/CMakeFiles/CMakeTmp'
/usr/bin/cmake -E cmake_progress_report /home/apoorv/catkin_ws/src/fall_risk_assessment/human_motion_analysis/csv_logger/build/CMakeFiles/CMakeTmp/CMakeFiles 1
Building C object CMakeFiles/cmTryCompileExec1777626848.dir/CheckSymbolExists.c.o
/usr/bin/cc    -o CMakeFiles/cmTryCompileExec1777626848.dir/CheckSymbolExists.c.o   -c /home/apoorv/catkin_ws/src/fall_risk_assessment/human_motion_analysis/csv_logger/build/CMakeFiles/CMakeTmp/CheckSymbolExists.c
Linking C executable cmTryCompileExec1777626848
/usr/bin/cmake -E cmake_link_script CMakeFiles/cmTryCompileExec1777626848.dir/link.txt --verbose=1
/usr/bin/cc       CMakeFiles/cmTryCompileExec1777626848.dir/CheckSymbolExists.c.o  -o cmTryCompileExec1777626848 -rdynamic 
CMakeFiles/cmTryCompileExec1777626848.dir/CheckSymbolExists.c.o: In function `main':
CheckSymbolExists.c:(.text+0x16): undefined reference to `pthread_create'
collect2: error: ld returned 1 exit status
make[1]: *** [cmTryCompileExec1777626848] Error 1
make[1]: Leaving directory `/home/apoorv/catkin_ws/src/fall_risk_assessment/human_motion_analysis/csv_logger/build/CMakeFiles/CMakeTmp'
make: *** [cmTryCompileExec1777626848/fast] Error 2

File /home/apoorv/catkin_ws/src/fall_risk_assessment/human_motion_analysis/csv_logger/build/CMakeFiles/CMakeTmp/CheckSymbolExists.c:
/* */
#include <pthread.h>

int main(int argc, char** argv)
{
  (void)argv;
#ifndef pthread_create
  return ((int*)(&pthread_create))[argc];
#else
  (void)argc;
  return 0;
#endif
}

Determining if the function pthread_create exists in the pthreads failed with the following output:
Change Dir: /home/apoorv/catkin_ws/src/fall_risk_assessment/human_motion_analysis/csv_logger/build/CMakeFiles/CMakeTmp

Run Build Command:/usr/bin/make "cmTryCompileExec1806757258/fast"
/usr/bin/make -f CMakeFiles/cmTryCompileExec1806757258.dir/build.make CMakeFiles/cmTryCompileExec1806757258.dir/build
make[1]: Entering directory `/home/apoorv/catkin_ws/src/fall_risk_assessment/human_motion_analysis/csv_logger/build/CMakeFiles/CMakeTmp'
/usr/bin/cmake -E cmake_progress_report /home/apoorv/catkin_ws/src/fall_risk_assessment/human_motion_analysis/csv_logger/build/CMakeFiles/CMakeTmp/CMakeFiles 1
Building C object CMakeFiles/cmTryCompileExec1806757258.dir/CheckFunctionExists.c.o
/usr/bin/cc   -DCHECK_FUNCTION_EXISTS=pthread_create   -o CMakeFiles/cmTryCompileExec1806757258.dir/CheckFunctionExists.c.o   -c /usr/share/cmake-2.8/Modules/CheckFunctionExists.c
Linking C executable cmTryCompileExec1806757258
/usr/bin/cmake -E cmake_link_script CMakeFiles/cmTryCompileExec1806757258.dir/link.txt --verbose=1
/usr/bin/cc   -DCHECK_FUNCTION_EXISTS=pthread_create    CMakeFiles/cmTryCompileExec1806757258.dir/CheckFunctionExists.c.o  -o cmTryCompileExec1806757258 -rdynamic -lpthreads 
/usr/bin/ld: cannot find -lpthreads
collect2: error: ld returned 1 exit status
make[1]: *** [cmTryCompileExec1806757258] Error 1
make[1]: Leaving directory `/home/apoorv/catkin_ws/src/fall_risk_assessment/human_motion_analysis/csv_logger/build/CMakeFiles/CMakeTmp'
make: *** [cmTryCompileExec1806757258/fast] Error 2


